Base path: '/home/bscuser/Unity/2019.2.9f1/Editor/Data', plugins path '/home/bscuser/Unity/2019.2.9f1/Editor/Data/PlaybackEngines'
Cmd: initializeCompiler
Cmd: compileComputeKernel
  api=15 insize=12733 outsize=2704 ok=1
Cmd: compileComputeKernel
  api=15 insize=12733 outsize=6382 ok=1
Cmd: compileComputeKernel
  api=18 insize=12733 outsize=4575 ok=1
Cmd: compileComputeKernel
  api=18 insize=12733 outsize=5114 ok=1
Cmd: compileComputeKernel
  api=15 insize=65748 outsize=10973 ok=1
Cmd: compileComputeKernel
  api=15 insize=4631 outsize=4909 ok=1
Cmd: compileComputeKernel
  api=18 insize=4631 outsize=7251 ok=1
Cmd: compileComputeKernel
  api=15 insize=24259 outsize=25330 ok=1
Cmd: compileComputeKernel
  api=15 insize=28420 outsize=6787 ok=1
Cmd: compileComputeKernel
  api=15 insize=28420 outsize=3772 ok=1
Cmd: compileComputeKernel
  api=15 insize=28420 outsize=3169 ok=1
Cmd: compileComputeKernel
  api=15 insize=28420 outsize=4277 ok=1
Cmd: compileComputeKernel
  api=15 insize=28420 outsize=3181 ok=1
Cmd: compileComputeKernel
  api=18 insize=28420 outsize=6484 ok=1
Cmd: compileComputeKernel
  api=18 insize=28420 outsize=5804 ok=1
Cmd: compileComputeKernel
  api=18 insize=28420 outsize=5684 ok=1
Cmd: compileComputeKernel
  api=18 insize=28420 outsize=7719 ok=1
Cmd: compileComputeKernel
  api=18 insize=28420 outsize=5619 ok=1
Cmd: compileComputeKernel
  api=15 insize=21203 outsize=2276 ok=1
Cmd: compileComputeKernel
  api=15 insize=21203 outsize=2125 ok=1
Cmd: compileComputeKernel
  api=15 insize=21203 outsize=1935 ok=1
Cmd: compileComputeKernel
  api=15 insize=21203 outsize=3075 ok=1
Cmd: compileComputeKernel
  api=15 insize=21203 outsize=3076 ok=1
Cmd: compileComputeKernel
  api=15 insize=21203 outsize=3072 ok=1
Cmd: compileComputeKernel
  api=15 insize=21203 outsize=3744 ok=1
Cmd: compileComputeKernel
  api=18 insize=21203 outsize=3476 ok=1
Cmd: compileComputeKernel
  api=18 insize=21203 outsize=3211 ok=1
Cmd: compileComputeKernel
  api=18 insize=21203 outsize=5294 ok=1
Cmd: compileComputeKernel
  api=18 insize=21203 outsize=5246 ok=1
Cmd: compileComputeKernel
  api=18 insize=21203 outsize=5224 ok=1
Cmd: compileComputeKernel
  api=18 insize=21203 outsize=5257 ok=1
Cmd: compileSnippet
  api=15 type=0 insize=1596 outsize=18076 kw=UNITY_PASS_FORWARDBASE DIRECTIONAL SHADOWS_SCREEN LIGHTPROBE_SH pd=UNITY_ENABLE_REFLECTION_BUFFERS UNITY_USE_DITHER_MASK_FOR_ALPHABLENDED_SHADOWS UNITY_PBS_USE_BRDF1 UNITY_SPECCUBE_BOX_PROJECTION UNITY_SPECCUBE_BLENDING UNITY_ENABLE_DETAIL_NORMALMAP SHADER_API_DESKTOP UNITY_COLORSPACE_GAMMA UNITY_LIGHT_PROBE_PROXY_VOLUME UNITY_LIGHTMAP_FULL_HDR ok=1
