Base path: '/home/bscuser/Unity/2019.2.9f1/Editor/Data', plugins path '/home/bscuser/Unity/2019.2.9f1/Editor/Data/PlaybackEngines'
Cmd: initializeCompiler
Cmd: compileComputeKernel
  api=15 insize=12733 outsize=4685 ok=1
Cmd: compileComputeKernel
  api=18 insize=12733 outsize=4280 ok=1
Cmd: compileComputeKernel
  api=18 insize=12733 outsize=10870 ok=1
Cmd: compileComputeKernel
  error: 1 plat 18 at Tensor.cginc(142): use of potentially uninitialized variable (ReadonlyTensor::SafeGet)
  api=18 insize=65748 outsize=41046 ok=1
Cmd: compileComputeKernel
  api=18 insize=65748 outsize=20179 ok=1
Cmd: compileComputeKernel
  api=15 insize=4631 outsize=4144 ok=1
Cmd: compileComputeKernel
  api=18 insize=4631 outsize=7243 ok=1
Cmd: compileComputeKernel
  api=15 insize=24259 outsize=9103 ok=1
Cmd: compileComputeKernel
  api=18 insize=24259 outsize=30340 ok=1
Cmd: compileComputeKernel
  api=18 insize=24259 outsize=13224 ok=1
Cmd: compileComputeKernel
  api=18 insize=3051 outsize=406 ok=1
Cmd: compileComputeKernel
  error: 1 plat 15 at Tensor.cginc(128): use of potentially uninitialized variable (ReadonlyTensor::SafeGet)
  api=15 insize=28420 outsize=6826 ok=1
Cmd: compileComputeKernel
  api=15 insize=28420 outsize=3202 ok=1
Cmd: compileComputeKernel
  api=15 insize=28420 outsize=3114 ok=1
Cmd: compileComputeKernel
  api=15 insize=28420 outsize=5042 ok=1
Cmd: compileComputeKernel
  api=15 insize=28420 outsize=5035 ok=1
Cmd: compileComputeKernel
  error: 1 plat 18 at Tensor.cginc(128): use of potentially uninitialized variable (ReadonlyTensor::SafeGet)
  api=18 insize=28420 outsize=8982 ok=1
Cmd: compileComputeKernel
  api=18 insize=28420 outsize=6736 ok=1
Cmd: compileComputeKernel
  api=18 insize=28420 outsize=7146 ok=1
Cmd: compileComputeKernel
  api=18 insize=28420 outsize=5626 ok=1
Cmd: compileComputeKernel
  api=15 insize=1882 outsize=6882 ok=1
Cmd: compileComputeKernel
  api=15 insize=21203 outsize=1937 ok=1
Cmd: compileComputeKernel
  api=15 insize=21203 outsize=2004 ok=1
Cmd: compileComputeKernel
  api=15 insize=21203 outsize=2056 ok=1
Cmd: compileComputeKernel
  api=15 insize=21203 outsize=3028 ok=1
Cmd: compileComputeKernel
  api=15 insize=21203 outsize=3142 ok=1
Cmd: compileComputeKernel
  api=15 insize=21203 outsize=2998 ok=1
Cmd: compileComputeKernel
  api=15 insize=21203 outsize=3524 ok=1
Cmd: compileComputeKernel
  api=18 insize=21203 outsize=3187 ok=1
Cmd: compileComputeKernel
  api=18 insize=21203 outsize=4709 ok=1
Cmd: compileComputeKernel
  api=18 insize=21203 outsize=5489 ok=1
Cmd: compileComputeKernel
  api=18 insize=21203 outsize=5401 ok=1
Cmd: compileComputeKernel
  api=18 insize=21203 outsize=5257 ok=1
Cmd: compileComputeKernel
  api=18 insize=21203 outsize=6859 ok=1
