Base path: '/home/bscuser/Unity/2019.2.9f1/Editor/Data', plugins path '/home/bscuser/Unity/2019.2.9f1/Editor/Data/PlaybackEngines'
Cmd: initializeCompiler
Cmd: compileComputeKernel
  api=15 insize=12733 outsize=3672 ok=1
Cmd: compileComputeKernel
  api=15 insize=12733 outsize=4011 ok=1
Cmd: compileComputeKernel
  api=18 insize=12733 outsize=6471 ok=1
Cmd: compileComputeKernel
  api=18 insize=12733 outsize=7005 ok=1
Cmd: compileComputeKernel
  error: 1 plat 15 at Tensor.cginc(142): use of potentially uninitialized variable (ReadonlyTensor::SafeGet)
  api=15 insize=65748 outsize=25220 ok=1
Cmd: compileComputeKernel
  api=18 insize=65748 outsize=18437 ok=1
Cmd: compileComputeKernel
  api=15 insize=4631 outsize=4148 ok=1
Cmd: compileComputeKernel
  api=18 insize=4631 outsize=7251 ok=1
Cmd: compileComputeKernel
  api=15 insize=24259 outsize=16438 ok=1
Cmd: compileComputeKernel
  api=18 insize=24259 outsize=16840 ok=1
Cmd: compileComputeKernel
  error: 1 plat 18 at Tensor.cginc(128): use of potentially uninitialized variable (ReadonlyTensor::SafeGet)
  error: 1 plat 18 at Tensor.cginc(295): use of potentially uninitialized variable (SharedTensor::SafeGet)
  api=18 insize=24259 outsize=26308 ok=1
Cmd: compileComputeKernel
  error: 1 plat 15 at Tensor.cginc(128): use of potentially uninitialized variable (ReadonlyTensor::SafeGet)
  api=15 insize=28420 outsize=5195 ok=1
Cmd: compileComputeKernel
  api=15 insize=28420 outsize=6534 ok=1
Cmd: compileComputeKernel
  api=15 insize=28420 outsize=3117 ok=1
Cmd: compileComputeKernel
  api=15 insize=28420 outsize=4280 ok=1
Cmd: compileComputeKernel
  api=15 insize=28420 outsize=3295 ok=1
Cmd: compileComputeKernel
  error: 1 plat 18 at Tensor.cginc(128): use of potentially uninitialized variable (ReadonlyTensor::SafeGet)
  api=18 insize=28420 outsize=11934 ok=1
Cmd: compileComputeKernel
  api=18 insize=28420 outsize=5581 ok=1
Cmd: compileComputeKernel
  api=18 insize=28420 outsize=5574 ok=1
Cmd: compileComputeKernel
  api=18 insize=28420 outsize=7735 ok=1
Cmd: compileComputeKernel
  api=18 insize=28420 outsize=5618 ok=1
Cmd: compileComputeKernel
  api=15 insize=21203 outsize=1937 ok=1
Cmd: compileComputeKernel
  api=15 insize=21203 outsize=2133 ok=1
Cmd: compileComputeKernel
  api=15 insize=21203 outsize=3001 ok=1
Cmd: compileComputeKernel
  api=15 insize=21203 outsize=3152 ok=1
Cmd: compileComputeKernel
  api=15 insize=21203 outsize=3263 ok=1
Cmd: compileComputeKernel
  api=15 insize=21203 outsize=2999 ok=1
Cmd: compileComputeKernel
  api=18 insize=21203 outsize=3108 ok=1
Cmd: compileComputeKernel
  api=18 insize=21203 outsize=3238 ok=1
Cmd: compileComputeKernel
  api=18 insize=21203 outsize=4430 ok=1
Cmd: compileComputeKernel
  api=18 insize=21203 outsize=5662 ok=1
Cmd: compileComputeKernel
  api=18 insize=21203 outsize=5494 ok=1
Cmd: compileComputeKernel
  api=18 insize=21203 outsize=5084 ok=1
Cmd: compileSnippet
  api=15 type=0 insize=11846 outsize=13320 kw=SHADOWS_SPLIT_SPHERES pd=UNITY_ENABLE_REFLECTION_BUFFERS UNITY_USE_DITHER_MASK_FOR_ALPHABLENDED_SHADOWS UNITY_PBS_USE_BRDF1 UNITY_SPECCUBE_BOX_PROJECTION UNITY_SPECCUBE_BLENDING UNITY_ENABLE_DETAIL_NORMALMAP SHADER_API_DESKTOP UNITY_COLORSPACE_GAMMA UNITY_LIGHT_PROBE_PROXY_VOLUME UNITY_LIGHTMAP_FULL_HDR ok=1
