Base path: '/home/bscuser/Unity/2019.2.9f1/Editor/Data', plugins path '/home/bscuser/Unity/2019.2.9f1/Editor/Data/PlaybackEngines'
Cmd: initializeCompiler
Cmd: compileComputeKernel
  api=15 insize=12733 outsize=3620 ok=1
Cmd: compileComputeKernel
  api=15 insize=12733 outsize=4480 ok=1
Cmd: compileComputeKernel
  api=15 insize=12733 outsize=2946 ok=1
Cmd: compileComputeKernel
  api=18 insize=12733 outsize=6400 ok=1
Cmd: compileComputeKernel
  api=18 insize=12733 outsize=4874 ok=1
Cmd: compileComputeKernel
  api=15 insize=65748 outsize=9525 ok=1
Cmd: compileComputeKernel
  api=18 insize=65748 outsize=34581 ok=1
Cmd: compileComputeKernel
  api=15 insize=4631 outsize=4147 ok=1
Cmd: compileComputeKernel
  api=18 insize=4631 outsize=7243 ok=1
Cmd: compileComputeKernel
  api=15 insize=24259 outsize=5975 ok=1
Cmd: compileComputeKernel
  api=18 insize=24259 outsize=10671 ok=1
Cmd: compileComputeKernel
  api=18 insize=24259 outsize=38177 ok=1
Cmd: compileComputeKernel
  error: 1 plat 15 at Tensor.cginc(128): use of potentially uninitialized variable (ReadonlyTensor::SafeGet)
  api=15 insize=28420 outsize=6287 ok=1
Cmd: compileComputeKernel
  api=15 insize=28420 outsize=3522 ok=1
Cmd: compileComputeKernel
  api=15 insize=28420 outsize=3640 ok=1
Cmd: compileComputeKernel
  api=15 insize=28420 outsize=3814 ok=1
Cmd: compileComputeKernel
  api=15 insize=28420 outsize=3195 ok=1
Cmd: compileComputeKernel
  error: 1 plat 18 at Tensor.cginc(128): use of potentially uninitialized variable (ReadonlyTensor::SafeGet)
  api=18 insize=28420 outsize=10899 ok=1
Cmd: compileComputeKernel
  api=18 insize=28420 outsize=11281 ok=1
Cmd: compileComputeKernel
  api=18 insize=28420 outsize=5954 ok=1
Cmd: compileComputeKernel
  api=18 insize=28420 outsize=7719 ok=1
Cmd: compileComputeKernel
  api=18 insize=28420 outsize=5855 ok=1
Cmd: compileComputeKernel
  api=15 insize=21203 outsize=2058 ok=1
Cmd: compileComputeKernel
  api=15 insize=21203 outsize=2266 ok=1
Cmd: compileComputeKernel
  api=15 insize=21203 outsize=2769 ok=1
Cmd: compileComputeKernel
  api=15 insize=21203 outsize=3273 ok=1
Cmd: compileComputeKernel
  api=15 insize=21203 outsize=3095 ok=1
Cmd: compileComputeKernel
  api=15 insize=21203 outsize=3698 ok=1
Cmd: compileComputeKernel
  api=15 insize=21203 outsize=3705 ok=1
Cmd: compileComputeKernel
  api=18 insize=21203 outsize=2990 ok=1
Cmd: compileComputeKernel
  api=18 insize=21203 outsize=2828 ok=1
Cmd: compileComputeKernel
  api=18 insize=21203 outsize=5322 ok=1
Cmd: compileComputeKernel
  api=18 insize=21203 outsize=5419 ok=1
Cmd: compileComputeKernel
  api=18 insize=21203 outsize=5695 ok=1
Cmd: compileComputeKernel
  api=18 insize=21203 outsize=5285 ok=1
