Base path: '/home/bscuser/Unity/2019.2.9f1/Editor/Data', plugins path '/home/bscuser/Unity/2019.2.9f1/Editor/Data/PlaybackEngines'
Cmd: initializeCompiler
Cmd: compileComputeKernel
  api=15 insize=12733 outsize=3629 ok=1
Cmd: compileComputeKernel
  api=15 insize=12733 outsize=2984 ok=1
Cmd: compileComputeKernel
  api=18 insize=12733 outsize=8294 ok=1
Cmd: compileComputeKernel
  api=18 insize=12733 outsize=5705 ok=1
Cmd: compileComputeKernel
  api=15 insize=65748 outsize=16668 ok=1
Cmd: compileComputeKernel
  api=15 insize=4631 outsize=4148 ok=1
Cmd: compileComputeKernel
  api=18 insize=4631 outsize=8699 ok=1
Cmd: compileComputeKernel
  api=15 insize=24259 outsize=21377 ok=1
Cmd: compileComputeKernel
  api=15 insize=3051 outsize=350 ok=1
Cmd: compileComputeKernel
  api=15 insize=28420 outsize=3589 ok=1
Cmd: compileComputeKernel
  api=15 insize=28420 outsize=3117 ok=1
Cmd: compileComputeKernel
  api=15 insize=28420 outsize=3115 ok=1
Cmd: compileComputeKernel
  api=15 insize=28420 outsize=4281 ok=1
Cmd: compileComputeKernel
  api=15 insize=28420 outsize=4738 ok=1
Cmd: compileComputeKernel
  api=18 insize=28420 outsize=7326 ok=1
Cmd: compileComputeKernel
  api=18 insize=28420 outsize=6387 ok=1
Cmd: compileComputeKernel
  api=18 insize=28420 outsize=5544 ok=1
Cmd: compileComputeKernel
  api=18 insize=28420 outsize=9175 ok=1
Cmd: compileComputeKernel
  api=18 insize=28420 outsize=9798 ok=1
Cmd: compileComputeKernel
  api=15 insize=21203 outsize=2135 ok=1
Cmd: compileComputeKernel
  api=15 insize=21203 outsize=1989 ok=1
Cmd: compileComputeKernel
  api=15 insize=21203 outsize=2606 ok=1
Cmd: compileComputeKernel
  api=15 insize=21203 outsize=3226 ok=1
Cmd: compileComputeKernel
  api=15 insize=21203 outsize=3053 ok=1
Cmd: compileComputeKernel
  api=15 insize=21203 outsize=3026 ok=1
Cmd: compileComputeKernel
  api=18 insize=21203 outsize=3233 ok=1
Cmd: compileComputeKernel
  api=18 insize=21203 outsize=3481 ok=1
Cmd: compileComputeKernel
  api=18 insize=21203 outsize=3071 ok=1
Cmd: compileComputeKernel
  api=18 insize=21203 outsize=5315 ok=1
Cmd: compileComputeKernel
  api=18 insize=21203 outsize=5373 ok=1
Cmd: compileComputeKernel
  api=18 insize=21203 outsize=5084 ok=1
Cmd: compileSnippet
  api=15 type=1 insize=11846 outsize=0 kw=SHADOWS_SPLIT_SPHERES pd=UNITY_ENABLE_REFLECTION_BUFFERS UNITY_USE_DITHER_MASK_FOR_ALPHABLENDED_SHADOWS UNITY_PBS_USE_BRDF1 UNITY_SPECCUBE_BOX_PROJECTION UNITY_SPECCUBE_BLENDING UNITY_ENABLE_DETAIL_NORMALMAP SHADER_API_DESKTOP UNITY_COLORSPACE_GAMMA UNITY_LIGHT_PROBE_PROXY_VOLUME UNITY_LIGHTMAP_FULL_HDR ok=1
