Base path: '/home/bscuser/Unity/2019.2.9f1/Editor/Data', plugins path '/home/bscuser/Unity/2019.2.9f1/Editor/Data/PlaybackEngines'
Cmd: initializeCompiler
Cmd: compileComputeKernel
  api=15 insize=12733 outsize=2666 ok=1
Cmd: compileComputeKernel
  api=15 insize=12733 outsize=3874 ok=1
Cmd: compileComputeKernel
  api=18 insize=12733 outsize=4520 ok=1
Cmd: compileComputeKernel
  api=18 insize=12733 outsize=6685 ok=1
Cmd: compileComputeKernel
  api=15 insize=65748 outsize=6214 ok=1
Cmd: compileComputeKernel
  api=18 insize=65748 outsize=11533 ok=1
Cmd: compileComputeKernel
  api=18 insize=65748 outsize=31509 ok=1
Cmd: compileComputeKernel
  api=15 insize=4631 outsize=4144 ok=1
Cmd: compileComputeKernel
  api=18 insize=4631 outsize=7259 ok=1
Cmd: compileComputeKernel
  api=15 insize=24259 outsize=18127 ok=1
Cmd: compileComputeKernel
  api=18 insize=24259 outsize=33262 ok=1
Cmd: compileComputeKernel
  api=15 insize=28420 outsize=3757 ok=1
Cmd: compileComputeKernel
  api=15 insize=28420 outsize=3259 ok=1
Cmd: compileComputeKernel
  api=15 insize=28420 outsize=3325 ok=1
Cmd: compileComputeKernel
  api=15 insize=28420 outsize=4277 ok=1
Cmd: compileComputeKernel
  api=15 insize=28420 outsize=3180 ok=1
Cmd: compileComputeKernel
  api=18 insize=28420 outsize=12011 ok=1
Cmd: compileComputeKernel
  api=18 insize=28420 outsize=6882 ok=1
Cmd: compileComputeKernel
  api=18 insize=28420 outsize=5660 ok=1
Cmd: compileComputeKernel
  api=18 insize=28420 outsize=7719 ok=1
Cmd: compileComputeKernel
  api=18 insize=28420 outsize=5626 ok=1
Cmd: compileComputeKernel
  api=18 insize=1882 outsize=11250 ok=1
Cmd: compileComputeKernel
  api=15 insize=21203 outsize=2014 ok=1
Cmd: compileComputeKernel
  api=15 insize=21203 outsize=1934 ok=1
Cmd: compileComputeKernel
  api=15 insize=21203 outsize=3028 ok=1
Cmd: compileComputeKernel
  api=15 insize=21203 outsize=3219 ok=1
Cmd: compileComputeKernel
  api=15 insize=21203 outsize=3209 ok=1
Cmd: compileComputeKernel
  api=15 insize=21203 outsize=3080 ok=1
Cmd: compileComputeKernel
  api=18 insize=21203 outsize=2865 ok=1
Cmd: compileComputeKernel
  api=18 insize=21203 outsize=3233 ok=1
Cmd: compileComputeKernel
  api=18 insize=21203 outsize=3071 ok=1
Cmd: compileComputeKernel
  api=18 insize=21203 outsize=5114 ok=1
Cmd: compileComputeKernel
  api=18 insize=21203 outsize=5447 ok=1
Cmd: compileComputeKernel
  api=18 insize=21203 outsize=5397 ok=1
Cmd: compileComputeKernel
  api=18 insize=21203 outsize=6686 ok=1
Cmd: compileSnippet
  api=15 type=1 insize=1596 outsize=0 kw=UNITY_PASS_FORWARDBASE DIRECTIONAL SHADOWS_SCREEN LIGHTPROBE_SH pd=UNITY_ENABLE_REFLECTION_BUFFERS UNITY_USE_DITHER_MASK_FOR_ALPHABLENDED_SHADOWS UNITY_PBS_USE_BRDF1 UNITY_SPECCUBE_BOX_PROJECTION UNITY_SPECCUBE_BLENDING UNITY_ENABLE_DETAIL_NORMALMAP SHADER_API_DESKTOP UNITY_COLORSPACE_GAMMA UNITY_LIGHT_PROBE_PROXY_VOLUME UNITY_LIGHTMAP_FULL_HDR ok=1
